<?xml version="1.0" encoding="UTF-8"?>
<!-- Generated by org.testng.reporters.JUnitReportReporter -->
<testsuite hostname="QT-INBG-LT0454" name="TestREsultOfResponse" tests="1" failures="0" timestamp="24 Dec 2019 20:17:29 GMT" time="3.157" errors="0">
  <testcase name="testjsonsize" time="3.157" classname="TestREsultOfResponse"/>
</testsuite> <!-- TestREsultOfResponse -->
