<?xml version="1.0" encoding="UTF-8"?>
<!-- Generated by org.testng.reporters.JUnitReportReporter -->
<testsuite hostname="QT-INBG-LT0454" name="BookLibrary.DynamicJson" tests="6" failures="0" timestamp="9 Jan 2020 13:50:16 GMT" time="3.353" errors="0">
  <testcase name="addBook" time="2.101" classname="BookLibrary.DynamicJson"/>
  <testcase name="deletebook" time="0.305" classname="BookLibrary.DynamicJson"/>
  <testcase name="addBook" time="0.241" classname="BookLibrary.DynamicJson"/>
  <testcase name="deletebook" time="0.230" classname="BookLibrary.DynamicJson"/>
  <testcase name="addBook" time="0.243" classname="BookLibrary.DynamicJson"/>
  <testcase name="deletebook" time="0.233" classname="BookLibrary.DynamicJson"/>
</testsuite> <!-- BookLibrary.DynamicJson -->
