<?xml version="1.0" encoding="UTF-8"?>
<!-- Generated by org.testng.reporters.JUnitReportReporter -->
<testsuite hostname="QT-INBG-LT0454" name="StaticJson" tests="1" failures="0" timestamp="10 Jan 2020 12:34:25 GMT" time="2.342" errors="0">
  <testcase name="addBook" time="2.342" classname="StaticJson"/>
</testsuite> <!-- StaticJson -->
