<?xml version="1.0" encoding="UTF-8"?>
<!-- Generated by org.testng.reporters.JUnitReportReporter -->
<testsuite hostname="QT-INBG-LT0454" name="Basic4" tests="1" failures="0" timestamp="11 Oct 2019 07:51:30 GMT" time="4.692" errors="0">
  <testcase name="test1" time="4.692" classname="Basic4"/>
</testsuite> <!-- Basic4 -->
