<?xml version="1.0" encoding="UTF-8"?>
<!-- Generated by org.testng.reporters.JUnitReportReporter -->
<testsuite hostname="QT-INBG-LT0454" name="Test3" tests="1" failures="0" timestamp="23 Dec 2019 07:14:11 GMT" time="2.454" errors="0">
  <testcase name="test124" time="2.454" classname="Test3"/>
</testsuite> <!-- Test3 -->
