<?xml version="1.0" encoding="UTF-8"?>
<!-- Generated by org.testng.reporters.JUnitReportReporter -->
<testsuite hostname="QT-INBG-LT0454" name="Test12" tests="1" failures="0" timestamp="4 Dec 2019 08:27:28 GMT" time="2.158" errors="0">
  <testcase name="test1235" time="2.158" classname="Test12"/>
</testsuite> <!-- Test12 -->
