<?xml version="1.0" encoding="UTF-8"?>
<!-- Generated by org.testng.reporters.JUnitReportReporter -->
<testsuite hostname="QT-INBG-LT0454" name="ExcelDriven" tests="1" failures="0" timestamp="8 Jan 2020 14:06:46 GMT" time="2.280" errors="0">
  <testcase name="postDataJson" time="2.280" classname="ExcelDriven"/>
</testsuite> <!-- ExcelDriven -->
